<?xml version="1.0" encoding="UTF-8"?><testsuite errors="0" failures="0" name="com.gorest.crudtests.TagsTest" skipped="0" tests="3" time="14.73" timestamp="2023-01-10T20:52:09.094Z[Europe/London]"><testcase classname="com.gorest.crudtests.TagsTest" name="Provide a 405 status code when incorrect HTTP method is used to access resource"/><testcase classname="com.gorest.crudtests.TagsTest" name="This test will verify if a status code of 200 is returned for GET request"/><testcase classname="com.gorest.crudtests.TagsTest" name="This test will provide an error code of 404 when user tries to access an invalid resource"/></testsuite>